[0325/191133.714:ERROR:third_party\crashpad\crashpad\util\file\file_io_win.cc:202] LockFileEx: 잘못된 기능입니다. (0x1)
[0325/191133.733:ERROR:third_party\crashpad\crashpad\util\file\file_io_win.cc:202] LockFileEx: 잘못된 기능입니다. (0x1)
[0325/191133.747:ERROR:third_party\crashpad\crashpad\util\file\file_io_win.cc:202] LockFileEx: 잘못된 기능입니다. (0x1)
[0325/191133.770:ERROR:third_party\crashpad\crashpad\util\file\file_io_win.cc:202] LockFileEx: 잘못된 기능입니다. (0x1)
[19348:7320:0325/191134.010:ERROR:components\segmentation_platform\internal\database\ukm_database_backend.cc:148] Failed to open UKM database: 0 database is locked

DevTools listening on ws://127.0.0.1:39597/devtools/browser/c570eee0-1f98-46ed-990b-565e08bff537
[19348:29628:0325/191134.068:ERROR:content\browser\network_sandbox.cc:385] Failed to grant sandbox access to cache directory \\wsl.localhost\Ubuntu\home\yj437\coding\Timeism\undefined\Users\undefined\AppData\Local\lighthouse.17138696\Default\Cache\Cache_Data: 잘못된 기능입니다. (0x1)
[19348:29628:0325/191134.077:ERROR:content\browser\network_sandbox.cc:318] Failed to grant sandbox access to NoVarySearch directory \\wsl.localhost\Ubuntu\home\yj437\coding\Timeism\undefined\Users\undefined\AppData\Local\lighthouse.17138696\Default\Cache\No_Vary_Search: 잘못된 기능입니다. (0x1)
[19348:7320:0325/191134.083:ERROR:content\browser\network_sandbox.cc:490] Failed to grant sandbox access to network context data directory \\wsl.localhost\Ubuntu\home\yj437\coding\Timeism\undefined\Users\undefined\AppData\Local\lighthouse.17138696\Default\Safe Browsing Network: 잘못된 기능입니다. (0x1)
[19348:29628:0325/191134.090:ERROR:content\browser\network_sandbox.cc:318] Failed to grant sandbox access to SharedDictionary directory \\wsl.localhost\Ubuntu\home\yj437\coding\Timeism\undefined\Users\undefined\AppData\Local\lighthouse.17138696\Default\Shared Dictionary: 잘못된 기능입니다. (0x1)
[19348:29628:0325/191134.102:ERROR:content\browser\network_sandbox.cc:490] Failed to grant sandbox access to network context data directory \\wsl.localhost\Ubuntu\home\yj437\coding\Timeism\undefined\Users\undefined\AppData\Local\lighthouse.17138696\Default\Network: 잘못된 기능입니다. (0x1)
[19348:26360:0325/191134.106:ERROR:components\password_manager\core\browser\password_store\login_database.cc:1141] Unable to open the password store database.
[19348:26360:0325/191134.106:ERROR:components\password_manager\core\browser\password_store\login_database_async_helper.cc:79] Could not create/open login database.
[19348:17604:0325/191134.119:ERROR:components\password_manager\core\browser\password_store\login_database.cc:1141] Unable to open the password store database.
[19348:17604:0325/191134.119:ERROR:components\password_manager\core\browser\password_store\login_database_async_helper.cc:79] Could not create/open login database.
[19348:27500:0325/191134.190:ERROR:content\browser\network_service_instance_impl.cc:242] Encountered error while migrating network context data or granting sandbox access for \\wsl.localhost\Ubuntu\home\yj437\coding\Timeism\undefined\Users\undefined\AppData\Local\lighthouse.17138696\Default\Safe Browsing Network. Result: 6: 작업을 완료했습니다. (0x0)
[19348:27500:0325/191134.190:ERROR:content\browser\network_service_instance_impl.cc:242] Encountered error while migrating network context data or granting sandbox access for \\wsl.localhost\Ubuntu\home\yj437\coding\Timeism\undefined\Users\undefined\AppData\Local\lighthouse.17138696\Default\Network. Result: 6: 작업을 완료했습니다. (0x0)
[19348:1320:0325/191134.325:ERROR:components\history\core\browser\top_sites_backend.cc:78] Failed to initialize database.
[19348:22344:0325/191139.452:ERROR:google_apis\gcm\engine\gcm_store_impl.cc:321] Failed to open database \\wsl.localhost\Ubuntu\home\yj437\coding\Timeism\undefined\Users\undefined\AppData\Local\lighthouse.17138696\Default\GCM Store: IO error: \\wsl.localhost\Ubuntu\home\yj437\coding\Timeism\undefined\Users\undefined\AppData\Local\lighthouse.17138696\Default\GCM Store/LOCK: No further details. (ChromeMethodBFE: 15::LockFile::1)
[19348:33152:0325/191140.505:ERROR:google_apis\gcm\engine\gcm_store_impl.cc:418] Destroy failed: IO error: \\wsl.localhost\Ubuntu\home\yj437\coding\Timeism\undefined\Users\undefined\AppData\Local\lighthouse.17138696\Default\GCM Store/LOCK: No further details. (ChromeMethodBFE: 15::LockFile::1)
[19348:28344:0325/191140.505:ERROR:components\gcm_driver\gcm_client_impl.cc:759] Failed to reset GCM store
[19348:27500:0325/191534.744:ERROR:components\device_event_log\device_event_log_impl.cc:202] [19:15:34.745] FIDO: enclave_manager.cc:4274 Failed to write enclave state
[19348:27500:0325/201642.966:ERROR:components\device_event_log\device_event_log_impl.cc:202] [20:16:42.967] USB: usb_service_win.cc:104 SetupDiGetDeviceProperty({{A45C254E-DF1C-4EFD-8020-67D146A850E0}, 6}) failed: 요소가 없습니다. (0x490)
